<?xml version="1.0" encoding="utf-8"?><testsuites name="pytest tests"><testsuite name="pytest" errors="0" failures="0" skipped="0" tests="18" time="2.721" timestamp="2026-06-08T08:13:55.199027+00:00" hostname="agent-env-b5603f3a-2125-4c1c-b278-8dab5144ad58"><testcase classname="backend.tests.test_portfolio_api.TestHealth" name="test_health_ok" time="0.230" /><testcase classname="backend.tests.test_portfolio_api.TestPortfolio" name="test_portfolio_structure" time="0.052" /><testcase classname="backend.tests.test_portfolio_api.TestAuth" name="test_login_success" time="0.271" /><testcase classname="backend.tests.test_portfolio_api.TestAuth" name="test_login_wrong_password" time="0.273" /><testcase classname="backend.tests.test_portfolio_api.TestAuth" name="test_login_wrong_email" time="0.047" /><testcase classname="backend.tests.test_portfolio_api.TestAuth" name="test_me_no_token" time="0.045" /><testcase classname="backend.tests.test_portfolio_api.TestAuth" name="test_me_invalid_token" time="0.048" /><testcase classname="backend.tests.test_portfolio_api.TestAuth" name="test_me_ok" time="0.315" /><testcase classname="backend.tests.test_portfolio_api.TestAdminPortfolio" name="test_bulk_put_unauthorized" time="0.046" /><testcase classname="backend.tests.test_portfolio_api.TestAdminPortfolio" name="test_update_profile_persists" time="0.200" /><testcase classname="backend.tests.test_portfolio_api.TestAdminPortfolio" name="test_update_skills_replaces" time="0.188" /><testcase classname="backend.tests.test_portfolio_api.TestAdminPortfolio" name="test_projects_crud" time="0.287" /><testcase classname="backend.tests.test_portfolio_api.TestAdminPortfolio" name="test_experience_crud" time="0.233" /><testcase classname="backend.tests.test_portfolio_api.TestAdminPortfolio" name="test_bulk_replace_and_reset" time="0.239" /><testcase classname="backend.tests.test_portfolio_api.TestContact" name="test_create_contact_valid" time="0.045" /><testcase classname="backend.tests.test_portfolio_api.TestContact" name="test_create_contact_invalid_email" time="0.044" /><testcase classname="backend.tests.test_portfolio_api.TestContact" name="test_list_contact_requires_auth" time="0.045" /><testcase classname="backend.tests.test_portfolio_api.TestContact" name="test_list_contact_with_auth" time="0.047" /></testsuite></testsuites>