<?xml version="1.0" encoding="utf-8"?><testsuites name="pytest tests"><testsuite name="pytest" errors="0" failures="0" skipped="0" tests="7" time="0.876" timestamp="2026-06-08T07:48:13.356977+00:00" hostname="agent-env-b5603f3a-2125-4c1c-b278-8dab5144ad58"><testcase classname="backend.tests.test_portfolio_api.TestHealth" name="test_health_ok" time="0.243" /><testcase classname="backend.tests.test_portfolio_api.TestPortfolio" name="test_portfolio_structure" time="0.047" /><testcase classname="backend.tests.test_portfolio_api.TestContact" name="test_create_contact_valid" time="0.104" /><testcase classname="backend.tests.test_portfolio_api.TestContact" name="test_create_contact_invalid_email" time="0.049" /><testcase classname="backend.tests.test_portfolio_api.TestContact" name="test_create_contact_missing_message" time="0.046" /><testcase classname="backend.tests.test_portfolio_api.TestContact" name="test_create_contact_empty_message" time="0.049" /><testcase classname="backend.tests.test_portfolio_api.TestContact" name="test_list_contact_sorted_desc" time="0.145" /></testsuite></testsuites>